Vivado Simulator 2019.2
Time resolution is 1 ps
Note: Start
Time: 0 ps  Iteration: 0  Process: /hello/line__39  File: C:/Users/Rara_/Documents/GitHub/MyCustomLEDPCB/Firmware and API/FPGA_Basys3/project_1/project_1.srcs/sources_1/new/hello.vhd
Note: x=0
Time: 0 ps  Iteration: 0  Process: /hello/line__39  File: C:/Users/Rara_/Documents/GitHub/MyCustomLEDPCB/Firmware and API/FPGA_Basys3/project_1/project_1.srcs/sources_1/new/hello.vhd
Note: x=1
Time: 0 ps  Iteration: 0  Process: /hello/line__39  File: C:/Users/Rara_/Documents/GitHub/MyCustomLEDPCB/Firmware and API/FPGA_Basys3/project_1/project_1.srcs/sources_1/new/hello.vhd
Note: x=2
Time: 0 ps  Iteration: 0  Process: /hello/line__39  File: C:/Users/Rara_/Documents/GitHub/MyCustomLEDPCB/Firmware and API/FPGA_Basys3/project_1/project_1.srcs/sources_1/new/hello.vhd
Note: x=3
Time: 0 ps  Iteration: 0  Process: /hello/line__39  File: C:/Users/Rara_/Documents/GitHub/MyCustomLEDPCB/Firmware and API/FPGA_Basys3/project_1/project_1.srcs/sources_1/new/hello.vhd
Note: i=1
Time: 1 ns  Iteration: 0  Process: /hello/line__39  File: C:/Users/Rara_/Documents/GitHub/MyCustomLEDPCB/Firmware and API/FPGA_Basys3/project_1/project_1.srcs/sources_1/new/hello.vhd
Note: i=2
Time: 1 ns  Iteration: 0  Process: /hello/line__39  File: C:/Users/Rara_/Documents/GitHub/MyCustomLEDPCB/Firmware and API/FPGA_Basys3/project_1/project_1.srcs/sources_1/new/hello.vhd
Note: i=3
Time: 1 ns  Iteration: 0  Process: /hello/line__39  File: C:/Users/Rara_/Documents/GitHub/MyCustomLEDPCB/Firmware and API/FPGA_Basys3/project_1/project_1.srcs/sources_1/new/hello.vhd
Note: i=4
Time: 1 ns  Iteration: 0  Process: /hello/line__39  File: C:/Users/Rara_/Documents/GitHub/MyCustomLEDPCB/Firmware and API/FPGA_Basys3/project_1/project_1.srcs/sources_1/new/hello.vhd
Note: i=5
Time: 1 ns  Iteration: 0  Process: /hello/line__39  File: C:/Users/Rara_/Documents/GitHub/MyCustomLEDPCB/Firmware and API/FPGA_Basys3/project_1/project_1.srcs/sources_1/new/hello.vhd
Note: i=6
Time: 1 ns  Iteration: 0  Process: /hello/line__39  File: C:/Users/Rara_/Documents/GitHub/MyCustomLEDPCB/Firmware and API/FPGA_Basys3/project_1/project_1.srcs/sources_1/new/hello.vhd
Note: i=7
Time: 1 ns  Iteration: 0  Process: /hello/line__39  File: C:/Users/Rara_/Documents/GitHub/MyCustomLEDPCB/Firmware and API/FPGA_Basys3/project_1/project_1.srcs/sources_1/new/hello.vhd
Note: i=8
Time: 1 ns  Iteration: 0  Process: /hello/line__39  File: C:/Users/Rara_/Documents/GitHub/MyCustomLEDPCB/Firmware and API/FPGA_Basys3/project_1/project_1.srcs/sources_1/new/hello.vhd
Note: i=9
Time: 1 ns  Iteration: 0  Process: /hello/line__39  File: C:/Users/Rara_/Documents/GitHub/MyCustomLEDPCB/Firmware and API/FPGA_Basys3/project_1/project_1.srcs/sources_1/new/hello.vhd
Note: i=10
Time: 1 ns  Iteration: 0  Process: /hello/line__39  File: C:/Users/Rara_/Documents/GitHub/MyCustomLEDPCB/Firmware and API/FPGA_Basys3/project_1/project_1.srcs/sources_1/new/hello.vhd
Note: Done
Time: 1 ns  Iteration: 0  Process: /hello/line__39  File: C:/Users/Rara_/Documents/GitHub/MyCustomLEDPCB/Firmware and API/FPGA_Basys3/project_1/project_1.srcs/sources_1/new/hello.vhd
Note: Start
Time: 0 ps  Iteration: 0  Process: /hello/line__39  File: C:/Users/Rara_/Documents/GitHub/MyCustomLEDPCB/Firmware and API/FPGA_Basys3/project_1/project_1.srcs/sources_1/new/hello.vhd
Note: x=0
Time: 0 ps  Iteration: 0  Process: /hello/line__39  File: C:/Users/Rara_/Documents/GitHub/MyCustomLEDPCB/Firmware and API/FPGA_Basys3/project_1/project_1.srcs/sources_1/new/hello.vhd
Note: x=1
Time: 0 ps  Iteration: 0  Process: /hello/line__39  File: C:/Users/Rara_/Documents/GitHub/MyCustomLEDPCB/Firmware and API/FPGA_Basys3/project_1/project_1.srcs/sources_1/new/hello.vhd
Note: x=2
Time: 0 ps  Iteration: 0  Process: /hello/line__39  File: C:/Users/Rara_/Documents/GitHub/MyCustomLEDPCB/Firmware and API/FPGA_Basys3/project_1/project_1.srcs/sources_1/new/hello.vhd
Note: x=3
Time: 0 ps  Iteration: 0  Process: /hello/line__39  File: C:/Users/Rara_/Documents/GitHub/MyCustomLEDPCB/Firmware and API/FPGA_Basys3/project_1/project_1.srcs/sources_1/new/hello.vhd
Stopped at time : 0 fs : File "C:/Users/Rara_/Documents/GitHub/MyCustomLEDPCB/Firmware and API/FPGA_Basys3/project_1/project_1.srcs/sources_1/new/hello.vhd" Line 48
Note: i=1
Time: 1 ns  Iteration: 0  Process: /hello/line__39  File: C:/Users/Rara_/Documents/GitHub/MyCustomLEDPCB/Firmware and API/FPGA_Basys3/project_1/project_1.srcs/sources_1/new/hello.vhd
Note: i=2
Time: 1 ns  Iteration: 0  Process: /hello/line__39  File: C:/Users/Rara_/Documents/GitHub/MyCustomLEDPCB/Firmware and API/FPGA_Basys3/project_1/project_1.srcs/sources_1/new/hello.vhd
Note: i=3
Time: 1 ns  Iteration: 0  Process: /hello/line__39  File: C:/Users/Rara_/Documents/GitHub/MyCustomLEDPCB/Firmware and API/FPGA_Basys3/project_1/project_1.srcs/sources_1/new/hello.vhd
Note: i=4
Time: 1 ns  Iteration: 0  Process: /hello/line__39  File: C:/Users/Rara_/Documents/GitHub/MyCustomLEDPCB/Firmware and API/FPGA_Basys3/project_1/project_1.srcs/sources_1/new/hello.vhd
Note: i=5
Time: 1 ns  Iteration: 0  Process: /hello/line__39  File: C:/Users/Rara_/Documents/GitHub/MyCustomLEDPCB/Firmware and API/FPGA_Basys3/project_1/project_1.srcs/sources_1/new/hello.vhd
Note: i=6
Time: 1 ns  Iteration: 0  Process: /hello/line__39  File: C:/Users/Rara_/Documents/GitHub/MyCustomLEDPCB/Firmware and API/FPGA_Basys3/project_1/project_1.srcs/sources_1/new/hello.vhd
Note: i=7
Time: 1 ns  Iteration: 0  Process: /hello/line__39  File: C:/Users/Rara_/Documents/GitHub/MyCustomLEDPCB/Firmware and API/FPGA_Basys3/project_1/project_1.srcs/sources_1/new/hello.vhd
Note: i=8
Time: 1 ns  Iteration: 0  Process: /hello/line__39  File: C:/Users/Rara_/Documents/GitHub/MyCustomLEDPCB/Firmware and API/FPGA_Basys3/project_1/project_1.srcs/sources_1/new/hello.vhd
Note: i=9
Time: 1 ns  Iteration: 0  Process: /hello/line__39  File: C:/Users/Rara_/Documents/GitHub/MyCustomLEDPCB/Firmware and API/FPGA_Basys3/project_1/project_1.srcs/sources_1/new/hello.vhd
Note: i=10
Time: 1 ns  Iteration: 0  Process: /hello/line__39  File: C:/Users/Rara_/Documents/GitHub/MyCustomLEDPCB/Firmware and API/FPGA_Basys3/project_1/project_1.srcs/sources_1/new/hello.vhd
Note: Done
Time: 1 ns  Iteration: 0  Process: /hello/line__39  File: C:/Users/Rara_/Documents/GitHub/MyCustomLEDPCB/Firmware and API/FPGA_Basys3/project_1/project_1.srcs/sources_1/new/hello.vhd
Note: Start
Time: 0 ps  Iteration: 0  Process: /hello/line__39  File: C:/Users/Rara_/Documents/GitHub/MyCustomLEDPCB/Firmware and API/FPGA_Basys3/project_1/project_1.srcs/sources_1/new/hello.vhd
Note: x=0
Time: 0 ps  Iteration: 0  Process: /hello/line__39  File: C:/Users/Rara_/Documents/GitHub/MyCustomLEDPCB/Firmware and API/FPGA_Basys3/project_1/project_1.srcs/sources_1/new/hello.vhd
Note: x=1
Time: 0 ps  Iteration: 0  Process: /hello/line__39  File: C:/Users/Rara_/Documents/GitHub/MyCustomLEDPCB/Firmware and API/FPGA_Basys3/project_1/project_1.srcs/sources_1/new/hello.vhd
Note: x=2
Time: 0 ps  Iteration: 0  Process: /hello/line__39  File: C:/Users/Rara_/Documents/GitHub/MyCustomLEDPCB/Firmware and API/FPGA_Basys3/project_1/project_1.srcs/sources_1/new/hello.vhd
Note: x=3
Time: 0 ps  Iteration: 0  Process: /hello/line__39  File: C:/Users/Rara_/Documents/GitHub/MyCustomLEDPCB/Firmware and API/FPGA_Basys3/project_1/project_1.srcs/sources_1/new/hello.vhd
Stopped at time : 0 fs : File "C:/Users/Rara_/Documents/GitHub/MyCustomLEDPCB/Firmware and API/FPGA_Basys3/project_1/project_1.srcs/sources_1/new/hello.vhd" Line 48
