
*** Running vivado
    with args -log hello.vds -m64 -product Vivado -mode batch -messageDb vivado.pb -notrace -source hello.tcl


****** Vivado v2019.2 (64-bit)
  **** SW Build 2708876 on Wed Nov  6 21:40:23 MST 2019
  **** IP Build 2700528 on Thu Nov  7 00:09:20 MST 2019
    ** Copyright 1986-2019 Xilinx, Inc. All Rights Reserved.

source hello.tcl -notrace
Command: synth_design -top hello -part xc7a35tcpg236-1
Starting synth_design
Attempting to get a license for feature 'Synthesis' and/or device 'xc7a35t'
INFO: [Common 17-349] Got license for feature 'Synthesis' and/or device 'xc7a35t'
INFO: Launching helper process for spawning children vivado processes
INFO: Helper process launched with PID 3896 
---------------------------------------------------------------------------------
Starting Synthesize : Time (s): cpu = 00:00:04 ; elapsed = 00:00:04 . Memory (MB): peak = 573.055 ; gain = 242.383
---------------------------------------------------------------------------------
INFO: [Synth 8-638] synthesizing module 'hello' [C:/Users/Rara_/Documents/GitHub/MyCustomLEDPCB/Firmware and API/FPGA_Basys3/project_1/project_1.srcs/sources_1/new/hello.vhd:36]
ERROR: [Synth 8-403] loop limit (65536) exceeded [C:/Users/Rara_/Documents/GitHub/MyCustomLEDPCB/Firmware and API/FPGA_Basys3/project_1/project_1.srcs/sources_1/new/hello.vhd:43]
ERROR: [Synth 8-285] failed synthesizing module 'hello' [C:/Users/Rara_/Documents/GitHub/MyCustomLEDPCB/Firmware and API/FPGA_Basys3/project_1/project_1.srcs/sources_1/new/hello.vhd:36]
---------------------------------------------------------------------------------
Finished Synthesize : Time (s): cpu = 00:00:05 ; elapsed = 00:00:05 . Memory (MB): peak = 645.844 ; gain = 315.172
---------------------------------------------------------------------------------
synthesize failed
INFO: [Common 17-83] Releasing license: Synthesis
3 Infos, 0 Warnings, 0 Critical Warnings and 3 Errors encountered.
synth_design failed
ERROR: [Common 17-69] Command failed: Vivado Synthesis failed
INFO: [Common 17-206] Exiting Vivado at Mon Mar 14 23:08:12 2022...
